c:\users\lambe\source\repos\wizardgame\wizardgame\x64\release\vc142.pdb
c:\users\lambe\source\repos\wizardgame\wizardgame\x64\release\particle.obj
c:\users\lambe\source\repos\wizardgame\wizardgame\x64\release\obj_loader.obj
c:\users\lambe\source\repos\wizardgame\wizardgame\x64\release\object.obj
c:\users\lambe\source\repos\wizardgame\wizardgame\x64\release\minimap.obj
c:\users\lambe\source\repos\wizardgame\wizardgame\x64\release\mesh.obj
c:\users\lambe\source\repos\wizardgame\wizardgame\x64\release\main.obj
c:\users\lambe\source\repos\wizardgame\wizardgame\x64\release\lualibrary.obj
c:\users\lambe\source\repos\wizardgame\wizardgame\x64\release\imgui_sdl.obj
c:\users\lambe\source\repos\wizardgame\wizardgame\x64\release\imgui_widgets.obj
c:\users\lambe\source\repos\wizardgame\wizardgame\x64\release\imgui_impl_sdl.obj
c:\users\lambe\source\repos\wizardgame\wizardgame\x64\release\imgui_impl_opengl3.obj
c:\users\lambe\source\repos\wizardgame\wizardgame\x64\release\imgui_draw.obj
c:\users\lambe\source\repos\wizardgame\wizardgame\x64\release\imgui_demo.obj
c:\users\lambe\source\repos\wizardgame\wizardgame\x64\release\imgui.obj
c:\users\lambe\source\repos\wizardgame\wizardgame\x64\release\globals.obj
c:\users\lambe\source\repos\wizardgame\wizardgame\x64\release\framebuffer.obj
c:\users\lambe\source\repos\wizardgame\wizardgame\x64\release\entityapi.obj
c:\users\lambe\source\repos\wizardgame\wizardgame\x64\release\display.obj
c:\users\lambe\source\repos\wizardgame\wizardgame\x64\release\assimpconverter.obj
c:\users\lambe\source\repos\wizardgame\wizardgame\x64\release\animatedmesh.obj
c:\users\lambe\source\repos\wizardgame\wizardgame\x64\release\world.obj
c:\users\lambe\source\repos\wizardgame\wizardgame\x64\release\texture.obj
c:\users\lambe\source\repos\wizardgame\wizardgame\x64\release\textrenderer.obj
c:\users\lambe\source\repos\wizardgame\wizardgame\x64\release\skybox.obj
c:\users\lambe\source\repos\wizardgame\wizardgame\x64\release\skeletalmodelserializer.obj
c:\users\lambe\source\repos\wizardgame\wizardgame\x64\release\skeletalmodel.obj
c:\users\lambe\source\repos\wizardgame\wizardgame\x64\release\shader.obj
c:\users\lambe\source\repos\wizardgame\wizardgame\x64\release\stb_image.obj
c:\users\lambe\source\repos\wizardgame\wizardgame\x64\release\audio.obj
c:\users\lambe\source\repos\wizardgame\x64\release\wizardgame.exe
c:\users\lambe\source\repos\wizardgame\wizardgame\mapfile
c:\users\lambe\source\repos\wizardgame\x64\release\wizardgame.pdb
c:\users\lambe\source\repos\wizardgame\wizardgame\x64\release\wizardgame.res
c:\users\lambe\source\repos\wizardgame\x64\release\wizardgame.ipdb
c:\users\lambe\source\repos\wizardgame\x64\release\wizardgame.iobj
c:\users\lambe\source\repos\wizardgame\wizardgame\x64\release\vcpkg.applocal.log
c:\users\lambe\source\repos\wizardgame\x64\release\assimp-vc141-mt.dll
c:\users\lambe\source\repos\wizardgame\x64\release\zlib1.dll
c:\users\lambe\source\repos\wizardgame\wizardgame\x64\release\wizardgame.tlog\cl.command.1.tlog
c:\users\lambe\source\repos\wizardgame\wizardgame\x64\release\wizardgame.tlog\cl.read.1.tlog
c:\users\lambe\source\repos\wizardgame\wizardgame\x64\release\wizardgame.tlog\cl.write.1.tlog
c:\users\lambe\source\repos\wizardgame\wizardgame\x64\release\wizardgame.tlog\link.command.1.tlog
c:\users\lambe\source\repos\wizardgame\wizardgame\x64\release\wizardgame.tlog\link.read.1.tlog
c:\users\lambe\source\repos\wizardgame\wizardgame\x64\release\wizardgame.tlog\link.write.1.tlog
c:\users\lambe\source\repos\wizardgame\wizardgame\x64\release\wizardgame.tlog\rc.command.1.tlog
c:\users\lambe\source\repos\wizardgame\wizardgame\x64\release\wizardgame.tlog\rc.read.1.tlog
c:\users\lambe\source\repos\wizardgame\wizardgame\x64\release\wizardgame.tlog\rc.write.1.tlog
c:\users\lambe\source\repos\wizardgame\wizardgame\x64\release\wizardgame.tlog\wizardgame.write.1u.tlog
