  EntityAPI.cpp
C:\Users\lambe\source\repos\WizardGame\WizardGame\SkeletalAnimation\SkeletalModel.h(15,56): warning C4267: 'return': conversion from 'size_t' to 'unsigned int', possible loss of data
C:\Users\lambe\source\repos\WizardGame\WizardGame\CollisionSystem.h(101,21): warning C4305: 'argument': truncation from 'double' to 'r32'
C:\Users\lambe\source\repos\WizardGame\WizardGame\text.h(23,50): warning C4244: 'return': conversion from 'float' to 'int', possible loss of data
C:\Users\lambe\source\repos\WizardGame\WizardGame\text.h(29,76): warning C4244: 'argument': conversion from 'int' to 'float', possible loss of data
C:\Users\lambe\source\repos\WizardGame\WizardGame\text.h(29,41): warning C4244: 'argument': conversion from 'int' to 'float', possible loss of data
C:\Users\lambe\source\repos\WizardGame\WizardGame\animatedObject.h(115,30): warning C4244: '=': conversion from 'float' to 'int', possible loss of data
C:\Users\lambe\source\repos\WizardGame\WizardGame\particle.h(49,29): warning C4305: 'initializing': truncation from 'double' to 'float'
C:\Users\lambe\source\repos\WizardGame\WizardGame\HealthBar.h(9,24): warning C4244: 'return': conversion from 'double' to 'float', possible loss of data
C:\Users\lambe\source\repos\WizardGame\WizardGame\HealthBar.h(12,33): warning C4244: 'return': conversion from 'double' to 'float', possible loss of data
C:\Users\lambe\source\repos\WizardGame\WizardGame\HealthBar.h(27,1): warning C4305: '+=': truncation from 'double' to 'float'
C:\Users\lambe\source\repos\WizardGame\WizardGame\HealthBar.h(30,1): warning C4305: '-=': truncation from 'double' to 'float'
C:\Users\lambe\source\repos\WizardGame\WizardGame\entity.h(70,25): warning C4244: 'return': conversion from 'double' to 'float', possible loss of data
C:\Users\lambe\source\repos\WizardGame\WizardGame\entity.h(73,34): warning C4244: 'return': conversion from 'double' to 'float', possible loss of data
C:\Users\lambe\source\repos\WizardGame\WizardGame\entity.h(119,45): warning C4101: 'e': unreferenced local variable
C:\Users\lambe\source\repos\WizardGame\WizardGame\entity.h(205,1): warning C4305: '-=': truncation from 'double' to 'T'
          with
          [
              T=float
          ]
C:\Users\lambe\source\repos\WizardGame\WizardGame\entity.h(206,1): warning C4305: '-=': truncation from 'double' to 'T'
          with
          [
              T=float
          ]
C:\Users\lambe\source\repos\WizardGame\WizardGame\entity.h(207,1): warning C4305: '-=': truncation from 'double' to 'T'
          with
          [
              T=float
          ]
C:\Users\lambe\source\repos\WizardGame\WizardGame\entity.h(213,1): warning C4305: '-=': truncation from 'double' to 'T'
          with
          [
              T=float
          ]
C:\Users\lambe\source\repos\WizardGame\WizardGame\entity.h(214,1): warning C4305: '-=': truncation from 'double' to 'T'
          with
          [
              T=float
          ]
C:\Users\lambe\source\repos\WizardGame\WizardGame\entity.h(215,1): warning C4305: '-=': truncation from 'double' to 'T'
          with
          [
              T=float
          ]
C:\Users\lambe\source\repos\WizardGame\WizardGame\entity.h(264,1): warning C4102: 'std': unreferenced label
C:\Users\lambe\source\repos\WizardGame\WizardGame\entity.h(273,43): warning C4101: 'e': unreferenced local variable
C:\Users\lambe\source\repos\WizardGame\WizardGame\entity.h(303,10): warning C4101: 'buffer': unreferenced local variable
C:\Users\lambe\source\repos\WizardGame\WizardGame\entity.h(321,43): warning C4101: 'e': unreferenced local variable
C:\Users\lambe\source\repos\WizardGame\WizardGame\EntityAPI.cpp(74,70): warning C4244: 'argument': conversion from 'double' to 'T', possible loss of data
          with
          [
              T=float
          ]
C:\Users\lambe\source\repos\WizardGame\WizardGame\EntityAPI.cpp(197,17): warning C4244: 'initializing': conversion from 'int' to 'float', possible loss of data
C:\Users\lambe\source\repos\WizardGame\WizardGame\EntityAPI.cpp(235,22): warning C4305: '+=': truncation from 'double' to 'T'
          with
          [
              T=float
          ]
C:\Users\lambe\source\repos\WizardGame\WizardGame\EntityAPI.cpp(237,22): warning C4305: '-=': truncation from 'double' to 'T'
          with
          [
              T=float
          ]
C:\Users\lambe\source\repos\WizardGame\WizardGame\EntityAPI.cpp(254,53): warning C4244: '+=': conversion from 'double' to 'T', possible loss of data
          with
          [
              T=float
          ]
C:\Users\lambe\source\repos\WizardGame\WizardGame\EntityAPI.cpp(255,53): warning C4244: '+=': conversion from 'double' to 'T', possible loss of data
          with
          [
              T=float
          ]
C:\Users\lambe\source\repos\WizardGame\WizardGame\EntityAPI.cpp(261,18): warning C4244: '=': conversion from 'double' to 'T', possible loss of data
          with
          [
              T=float
          ]
C:\Users\lambe\source\repos\WizardGame\WizardGame\EntityAPI.cpp(262,18): warning C4244: '=': conversion from 'double' to 'T', possible loss of data
          with
          [
              T=float
          ]
C:\Users\lambe\source\repos\WizardGame\WizardGame\EntityAPI.cpp(457,17): warning C4244: '=': conversion from 'int' to 'float', possible loss of data
C:\Users\lambe\source\repos\WizardGame\WizardGame\EntityAPI.cpp(652,17): warning C4244: 'return': conversion from 'int' to 'float', possible loss of data
C:\Users\lambe\source\repos\WizardGame\WizardGame\EntityAPI.cpp(656,25): warning C4244: '=': conversion from 'float' to 'int', possible loss of data
  main.cpp
C:\Users\lambe\source\repos\WizardGame\WizardGame\SkeletalAnimation\SkeletalModel.h(15,56): warning C4267: 'return': conversion from 'size_t' to 'unsigned int', possible loss of data
C:\Users\lambe\source\repos\WizardGame\WizardGame\CollisionSystem.h(101,21): warning C4305: 'argument': truncation from 'double' to 'r32'
C:\Users\lambe\source\repos\WizardGame\WizardGame\animatedObject.h(115,30): warning C4244: '=': conversion from 'float' to 'int', possible loss of data
C:\Users\lambe\source\repos\WizardGame\WizardGame\NPC.h(29,11): warning C4244: 'initializing': conversion from 'lua_Number' to 'float', possible loss of data
C:\Users\lambe\source\repos\WizardGame\WizardGame\NPC.h(30,11): warning C4244: 'initializing': conversion from 'lua_Number' to 'float', possible loss of data
C:\Users\lambe\source\repos\WizardGame\WizardGame\text.h(23,50): warning C4244: 'return': conversion from 'float' to 'int', possible loss of data
C:\Users\lambe\source\repos\WizardGame\WizardGame\text.h(29,76): warning C4244: 'argument': conversion from 'int' to 'float', possible loss of data
C:\Users\lambe\source\repos\WizardGame\WizardGame\text.h(29,41): warning C4244: 'argument': conversion from 'int' to 'float', possible loss of data
C:\Users\lambe\source\repos\WizardGame\WizardGame\particle.h(49,29): warning C4305: 'initializing': truncation from 'double' to 'float'
C:\Users\lambe\source\repos\WizardGame\WizardGame\HealthBar.h(9,24): warning C4244: 'return': conversion from 'double' to 'float', possible loss of data
C:\Users\lambe\source\repos\WizardGame\WizardGame\HealthBar.h(12,33): warning C4244: 'return': conversion from 'double' to 'float', possible loss of data
C:\Users\lambe\source\repos\WizardGame\WizardGame\HealthBar.h(27,1): warning C4305: '+=': truncation from 'double' to 'float'
C:\Users\lambe\source\repos\WizardGame\WizardGame\HealthBar.h(30,1): warning C4305: '-=': truncation from 'double' to 'float'
C:\Users\lambe\source\repos\WizardGame\WizardGame\entity.h(70,25): warning C4244: 'return': conversion from 'double' to 'float', possible loss of data
C:\Users\lambe\source\repos\WizardGame\WizardGame\entity.h(73,34): warning C4244: 'return': conversion from 'double' to 'float', possible loss of data
C:\Users\lambe\source\repos\WizardGame\WizardGame\entity.h(119,45): warning C4101: 'e': unreferenced local variable
C:\Users\lambe\source\repos\WizardGame\WizardGame\entity.h(205,1): warning C4305: '-=': truncation from 'double' to 'T'
          with
          [
              T=float
          ]
C:\Users\lambe\source\repos\WizardGame\WizardGame\entity.h(206,1): warning C4305: '-=': truncation from 'double' to 'T'
          with
          [
              T=float
          ]
C:\Users\lambe\source\repos\WizardGame\WizardGame\entity.h(207,1): warning C4305: '-=': truncation from 'double' to 'T'
          with
          [
              T=float
          ]
C:\Users\lambe\source\repos\WizardGame\WizardGame\entity.h(213,1): warning C4305: '-=': truncation from 'double' to 'T'
          with
          [
              T=float
          ]
C:\Users\lambe\source\repos\WizardGame\WizardGame\entity.h(214,1): warning C4305: '-=': truncation from 'double' to 'T'
          with
          [
              T=float
          ]
C:\Users\lambe\source\repos\WizardGame\WizardGame\entity.h(215,1): warning C4305: '-=': truncation from 'double' to 'T'
          with
          [
              T=float
          ]
C:\Users\lambe\source\repos\WizardGame\WizardGame\entity.h(264,1): warning C4102: 'std': unreferenced label
C:\Users\lambe\source\repos\WizardGame\WizardGame\entity.h(273,43): warning C4101: 'e': unreferenced local variable
C:\Users\lambe\source\repos\WizardGame\WizardGame\entity.h(303,10): warning C4101: 'buffer': unreferenced local variable
C:\Users\lambe\source\repos\WizardGame\WizardGame\entity.h(321,43): warning C4101: 'e': unreferenced local variable
C:\Users\lambe\source\repos\WizardGame\WizardGame\prop.h(117,17): warning C4101: 's': unreferenced local variable
C:\Users\lambe\source\repos\WizardGame\WizardGame\entitySystem.h(140,1): warning C4805: '==': unsafe mix of type 'Uint8' and type 'bool' in operation
C:\Users\lambe\source\repos\WizardGame\WizardGame\entitySystem.h(204,1): warning C4305: 'argument': truncation from 'double' to 'r32'
C:\Users\lambe\source\repos\WizardGame\WizardGame\entitySystem.h(214,20): warning C4305: 'argument': truncation from 'double' to 'r32'
C:\Users\lambe\source\repos\WizardGame\WizardGame\entitySystem.h(221,1): warning C4305: 'argument': truncation from 'double' to 'float'
C:\Users\lambe\source\repos\WizardGame\WizardGame\entitySystem.h(270,10): warning C4101: 'buffer': unreferenced local variable
C:\Users\lambe\source\repos\WizardGame\WizardGame\entitySystem.h(494,215): warning C4244: 'argument': conversion from 'double' to 'r32', possible loss of data
C:\Users\lambe\source\repos\WizardGame\WizardGame\entitySystem.h(494,159): warning C4244: 'argument': conversion from 'double' to 'r32', possible loss of data
C:\Users\lambe\source\repos\WizardGame\WizardGame\entitySystem.h(494,103): warning C4244: 'argument': conversion from 'double' to 'r32', possible loss of data
C:\Users\lambe\source\repos\WizardGame\WizardGame\entitySystem.h(542,28): warning C4244: 'initializing': conversion from 'double' to 'float', possible loss of data
C:\Users\lambe\source\repos\WizardGame\WizardGame\entitySystem.h(588,36): warning C4244: '=': conversion from 'double' to 'float', possible loss of data
C:\Users\lambe\source\repos\WizardGame\WizardGame\entitySystem.h(611,23): warning C4244: 'initializing': conversion from 'double' to 'float', possible loss of data
C:\Users\lambe\source\repos\WizardGame\WizardGame\entitySystem.h(612,23): warning C4244: 'initializing': conversion from 'double' to 'float', possible loss of data
C:\Users\lambe\source\repos\WizardGame\WizardGame\entitySystem.h(613,23): warning C4244: 'initializing': conversion from 'double' to 'float', possible loss of data
C:\Users\lambe\source\repos\WizardGame\WizardGame\entitySystem.h(619,18): warning C4244: 'initializing': conversion from 'double' to 'float', possible loss of data
C:\Users\lambe\source\repos\WizardGame\WizardGame\entitySystem.h(760,22): warning C4244: 'initializing': conversion from 'double' to 'float', possible loss of data
C:\Users\lambe\source\repos\WizardGame\WizardGame\entitySystem.h(761,22): warning C4244: 'initializing': conversion from 'double' to 'float', possible loss of data
  world.cpp
C:\Users\lambe\source\repos\WizardGame\WizardGame\SkeletalAnimation\SkeletalModel.h(15,56): warning C4267: 'return': conversion from 'size_t' to 'unsigned int', possible loss of data
C:\Users\lambe\source\repos\WizardGame\WizardGame\CollisionSystem.h(101,21): warning C4305: 'argument': truncation from 'double' to 'r32'
C:\Users\lambe\source\repos\WizardGame\WizardGame\animatedObject.h(115,30): warning C4244: '=': conversion from 'float' to 'int', possible loss of data
C:\Users\lambe\source\repos\WizardGame\WizardGame\NPC.h(29,11): warning C4244: 'initializing': conversion from 'lua_Number' to 'float', possible loss of data
C:\Users\lambe\source\repos\WizardGame\WizardGame\NPC.h(30,11): warning C4244: 'initializing': conversion from 'lua_Number' to 'float', possible loss of data
C:\Users\lambe\source\repos\WizardGame\WizardGame\text.h(23,50): warning C4244: 'return': conversion from 'float' to 'int', possible loss of data
C:\Users\lambe\source\repos\WizardGame\WizardGame\text.h(29,76): warning C4244: 'argument': conversion from 'int' to 'float', possible loss of data
C:\Users\lambe\source\repos\WizardGame\WizardGame\text.h(29,41): warning C4244: 'argument': conversion from 'int' to 'float', possible loss of data
C:\Users\lambe\source\repos\WizardGame\WizardGame\particle.h(49,29): warning C4305: 'initializing': truncation from 'double' to 'float'
C:\Users\lambe\source\repos\WizardGame\WizardGame\HealthBar.h(9,24): warning C4244: 'return': conversion from 'double' to 'float', possible loss of data
C:\Users\lambe\source\repos\WizardGame\WizardGame\HealthBar.h(12,33): warning C4244: 'return': conversion from 'double' to 'float', possible loss of data
C:\Users\lambe\source\repos\WizardGame\WizardGame\HealthBar.h(27,1): warning C4305: '+=': truncation from 'double' to 'float'
C:\Users\lambe\source\repos\WizardGame\WizardGame\HealthBar.h(30,1): warning C4305: '-=': truncation from 'double' to 'float'
C:\Users\lambe\source\repos\WizardGame\WizardGame\entity.h(70,25): warning C4244: 'return': conversion from 'double' to 'float', possible loss of data
C:\Users\lambe\source\repos\WizardGame\WizardGame\entity.h(73,34): warning C4244: 'return': conversion from 'double' to 'float', possible loss of data
C:\Users\lambe\source\repos\WizardGame\WizardGame\entity.h(119,45): warning C4101: 'e': unreferenced local variable
C:\Users\lambe\source\repos\WizardGame\WizardGame\entity.h(205,1): warning C4305: '-=': truncation from 'double' to 'T'
          with
          [
              T=float
          ]
C:\Users\lambe\source\repos\WizardGame\WizardGame\entity.h(206,1): warning C4305: '-=': truncation from 'double' to 'T'
          with
          [
              T=float
          ]
C:\Users\lambe\source\repos\WizardGame\WizardGame\entity.h(207,1): warning C4305: '-=': truncation from 'double' to 'T'
          with
          [
              T=float
          ]
C:\Users\lambe\source\repos\WizardGame\WizardGame\entity.h(213,1): warning C4305: '-=': truncation from 'double' to 'T'
          with
          [
              T=float
          ]
C:\Users\lambe\source\repos\WizardGame\WizardGame\entity.h(214,1): warning C4305: '-=': truncation from 'double' to 'T'
          with
          [
              T=float
          ]
C:\Users\lambe\source\repos\WizardGame\WizardGame\entity.h(215,1): warning C4305: '-=': truncation from 'double' to 'T'
          with
          [
              T=float
          ]
C:\Users\lambe\source\repos\WizardGame\WizardGame\entity.h(264,1): warning C4102: 'std': unreferenced label
C:\Users\lambe\source\repos\WizardGame\WizardGame\entity.h(273,43): warning C4101: 'e': unreferenced local variable
C:\Users\lambe\source\repos\WizardGame\WizardGame\entity.h(303,10): warning C4101: 'buffer': unreferenced local variable
C:\Users\lambe\source\repos\WizardGame\WizardGame\entity.h(321,43): warning C4101: 'e': unreferenced local variable
C:\Users\lambe\source\repos\WizardGame\WizardGame\prop.h(117,17): warning C4101: 's': unreferenced local variable
C:\Users\lambe\source\repos\WizardGame\WizardGame\entitySystem.h(140,1): warning C4805: '==': unsafe mix of type 'Uint8' and type 'bool' in operation
C:\Users\lambe\source\repos\WizardGame\WizardGame\entitySystem.h(204,1): warning C4305: 'argument': truncation from 'double' to 'r32'
C:\Users\lambe\source\repos\WizardGame\WizardGame\entitySystem.h(214,20): warning C4305: 'argument': truncation from 'double' to 'r32'
C:\Users\lambe\source\repos\WizardGame\WizardGame\entitySystem.h(221,1): warning C4305: 'argument': truncation from 'double' to 'float'
C:\Users\lambe\source\repos\WizardGame\WizardGame\entitySystem.h(270,10): warning C4101: 'buffer': unreferenced local variable
C:\Users\lambe\source\repos\WizardGame\WizardGame\entitySystem.h(494,215): warning C4244: 'argument': conversion from 'double' to 'r32', possible loss of data
C:\Users\lambe\source\repos\WizardGame\WizardGame\entitySystem.h(494,159): warning C4244: 'argument': conversion from 'double' to 'r32', possible loss of data
C:\Users\lambe\source\repos\WizardGame\WizardGame\entitySystem.h(494,103): warning C4244: 'argument': conversion from 'double' to 'r32', possible loss of data
C:\Users\lambe\source\repos\WizardGame\WizardGame\entitySystem.h(542,28): warning C4244: 'initializing': conversion from 'double' to 'float', possible loss of data
C:\Users\lambe\source\repos\WizardGame\WizardGame\entitySystem.h(588,36): warning C4244: '=': conversion from 'double' to 'float', possible loss of data
C:\Users\lambe\source\repos\WizardGame\WizardGame\entitySystem.h(611,23): warning C4244: 'initializing': conversion from 'double' to 'float', possible loss of data
C:\Users\lambe\source\repos\WizardGame\WizardGame\entitySystem.h(612,23): warning C4244: 'initializing': conversion from 'double' to 'float', possible loss of data
C:\Users\lambe\source\repos\WizardGame\WizardGame\entitySystem.h(613,23): warning C4244: 'initializing': conversion from 'double' to 'float', possible loss of data
C:\Users\lambe\source\repos\WizardGame\WizardGame\entitySystem.h(619,18): warning C4244: 'initializing': conversion from 'double' to 'float', possible loss of data
C:\Users\lambe\source\repos\WizardGame\WizardGame\entitySystem.h(760,22): warning C4244: 'initializing': conversion from 'double' to 'float', possible loss of data
C:\Users\lambe\source\repos\WizardGame\WizardGame\entitySystem.h(761,22): warning C4244: 'initializing': conversion from 'double' to 'float', possible loss of data
C:\Users\lambe\source\repos\WizardGame\WizardGame\world.cpp(42,46): warning C4244: 'argument': conversion from 'double' to 'Uint32', possible loss of data
  Generating code
  2 of 5659 functions (<0.1%) were compiled, the rest were copied from previous compilation.
    0 functions were new in current compilation
    25 functions had inline decision re-evaluated but remain unchanged
  Finished generating code
  WizardGame.vcxproj -> C:\Users\lambe\source\repos\WizardGame\x64\Release\WizardGame.exe
